<?xml version="1.0" encoding="UTF-8"?>
<!-- Generated by org.testng.reporters.JUnitReportReporter -->
<testsuite hostname="TL1105" failures="0" tests="2" name="testcases.TC002_LoginFunctionality" time="14.988" errors="0" timestamp="2026-02-21T12:49:26 IST" skipped="0">
  <testcase classname="testcases.TC002_LoginFunctionality" name="loginFunctionality" time="8.306"/>
  <system-out/>
  <testcase classname="testcases.TC002_LoginFunctionality" name="loginFunctionality" time="6.682"/>
  <system-out/>
</testsuite> <!-- testcases.TC002_LoginFunctionality -->
