<?xml version="1.0" encoding="UTF-8"?>
<!-- Generated by org.testng.reporters.JUnitReportReporter -->
<testsuite hostname="TL1105" failures="0" tests="2" name="testcases.TC001_CreateLeadFunctionality" time="44.997" errors="0" timestamp="2026-02-15T12:26:45 IST" skipped="0">
  <testcase classname="testcases.TC001_CreateLeadFunctionality" name="createLead" time="29.950"/>
  <system-out/>
  <testcase classname="testcases.TC001_CreateLeadFunctionality" name="createLead" time="15.047"/>
  <system-out/>
</testsuite> <!-- testcases.TC001_CreateLeadFunctionality -->
